2017-04-12 11:27:00,834 [main] DEBUG SuperStockApp - SuperStockApp Application Main Method -- Start
2017-04-12 11:27:00,853 [main] DEBUG TextFileProcesserImpl - Inside TextFileProcesserImpl processInputFile() Method -- Start
2017-04-12 11:27:16,839 [main] ERROR TextFileProcesserImpl - Error while parsing the input data
java.lang.NumberFormatException: For input string: "null"
	at sun.misc.FloatingDecimal.readJavaFormatString(FloatingDecimal.java:2043)
	at sun.misc.FloatingDecimal.parseDouble(FloatingDecimal.java:110)
	at java.lang.Double.parseDouble(Double.java:538)
	at com.jpmorgan.supersimple.stock.impl.TextFileProcesserImpl.populateTradeBean(TextFileProcesserImpl.java:107)
	at com.jpmorgan.supersimple.stock.impl.TextFileProcesserImpl.processInputFile(TextFileProcesserImpl.java:62)
	at com.jpmorgan.supersimple.stock.app.SuperStockApp.main(SuperStockApp.java:35)
2017-04-12 11:27:27,413 [main] DEBUG TextFileProcesserImpl - Invalid Input Format
2017-04-12 11:27:28,236 [main] DEBUG TextFileProcesserImpl - MS/B/null/GBP/05 Apr 2017/06 Apr 2017/200/200.50
2017-04-12 11:28:06,423 [main] DEBUG TextFileProcesserImpl - Inside TextFileProcesserImpl processInputFile() Method -- End
2017-04-12 11:28:06,472 [main] DEBUG SuperStockApp - SuperStockApp Application Main Method -- End
2017-04-12 11:49:03,873 [main] DEBUG SuperStockApp - SuperStockApp Application Main Method -- Start
2017-04-12 11:49:03,883 [main] DEBUG TextFileProcesserImpl - Inside TextFileProcesserImpl processInputFile() Method -- Start
2017-04-12 11:49:08,048 [main] ERROR TextFileProcesserImpl - Error while Parsing the input data and populating the bean
com.jpmorgan.supersimple.stock.exception.SuperStockExcpetion: Invalid Input Data
	at com.jpmorgan.supersimple.stock.impl.TextFileProcesserImpl.populateTradeBean(TextFileProcesserImpl.java:132)
	at com.jpmorgan.supersimple.stock.impl.TextFileProcesserImpl.processInputFile(TextFileProcesserImpl.java:63)
	at com.jpmorgan.supersimple.stock.app.SuperStockApp.main(SuperStockApp.java:35)
Caused by: java.lang.NumberFormatException: For input string: "null"
	at sun.misc.FloatingDecimal.readJavaFormatString(FloatingDecimal.java:2043)
	at sun.misc.FloatingDecimal.parseDouble(FloatingDecimal.java:110)
	at java.lang.Double.parseDouble(Double.java:538)
	at com.jpmorgan.supersimple.stock.impl.TextFileProcesserImpl.populateTradeBean(TextFileProcesserImpl.java:111)
	... 2 more
2017-04-12 11:49:59,710 [main] DEBUG SuperStockApp - SuperStockApp Application Main Method -- Start
2017-04-12 11:49:59,724 [main] DEBUG TextFileProcesserImpl - Inside TextFileProcesserImpl processInputFile() Method -- Start
2017-04-12 11:50:29,050 [main] ERROR TextFileProcesserImpl - Error while Parsing the input data and populating the bean
com.jpmorgan.supersimple.stock.exception.SuperStockExcpetion: Invalid Input Data
	at com.jpmorgan.supersimple.stock.impl.TextFileProcesserImpl.populateTradeBean(TextFileProcesserImpl.java:132)
	at com.jpmorgan.supersimple.stock.impl.TextFileProcesserImpl.processInputFile(TextFileProcesserImpl.java:63)
	at com.jpmorgan.supersimple.stock.app.SuperStockApp.main(SuperStockApp.java:35)
Caused by: java.lang.NumberFormatException: For input string: "null"
	at sun.misc.FloatingDecimal.readJavaFormatString(FloatingDecimal.java:2043)
	at sun.misc.FloatingDecimal.parseDouble(FloatingDecimal.java:110)
	at java.lang.Double.parseDouble(Double.java:538)
	at com.jpmorgan.supersimple.stock.impl.TextFileProcesserImpl.populateTradeBean(TextFileProcesserImpl.java:111)
	... 2 more
2017-04-12 12:24:16,083 [main] DEBUG SuperStockApp - SuperStockApp Application Main Method -- Start
2017-04-12 12:24:16,093 [main] DEBUG TextFileProcesserImpl - Inside TextFileProcesserImpl processInputFile() Method -- Start
2017-04-12 12:24:46,008 [main] ERROR SuperStockApp - Expception while reading the Input file
com.jpmorgan.supersimple.stock.exception.SuperStockExcpetion: java.lang.NumberFormatException: For input string: "null"
	at com.jpmorgan.supersimple.stock.impl.TextFileProcesserImpl.populateTradeBean(TextFileProcesserImpl.java:133)
	at com.jpmorgan.supersimple.stock.impl.TextFileProcesserImpl.processInputFile(TextFileProcesserImpl.java:63)
	at com.jpmorgan.supersimple.stock.app.SuperStockApp.main(SuperStockApp.java:36)
Caused by: java.lang.NumberFormatException: For input string: "null"
	at sun.misc.FloatingDecimal.readJavaFormatString(FloatingDecimal.java:2043)
	at sun.misc.FloatingDecimal.parseDouble(FloatingDecimal.java:110)
	at java.lang.Double.parseDouble(Double.java:538)
	at com.jpmorgan.supersimple.stock.impl.TextFileProcesserImpl.populateTradeBean(TextFileProcesserImpl.java:112)
	... 2 more
2017-04-12 12:24:48,518 [main] DEBUG SuperStockApp - SuperStockApp Application Main Method -- End
2017-04-12 12:27:11,627 [main] DEBUG SuperStockApp - SuperStockApp Application Main Method -- Start
2017-04-12 12:27:11,639 [main] DEBUG TextFileProcesserImpl - Inside TextFileProcesserImpl processInputFile() Method -- Start
2017-04-12 12:27:24,209 [main] DEBUG TextFileProcesserImpl - Invalid Input Date
com.jpmorgan.supersimple.stock.exception.SuperStockExcpetion: java.lang.NumberFormatException: For input string: "null"
	at com.jpmorgan.supersimple.stock.impl.TextFileProcesserImpl.populateTradeBean(TextFileProcesserImpl.java:137)
	at com.jpmorgan.supersimple.stock.impl.TextFileProcesserImpl.processInputFile(TextFileProcesserImpl.java:64)
	at com.jpmorgan.supersimple.stock.app.SuperStockApp.main(SuperStockApp.java:36)
Caused by: java.lang.NumberFormatException: For input string: "null"
	at sun.misc.FloatingDecimal.readJavaFormatString(FloatingDecimal.java:2043)
	at sun.misc.FloatingDecimal.parseDouble(FloatingDecimal.java:110)
	at java.lang.Double.parseDouble(Double.java:538)
	at com.jpmorgan.supersimple.stock.impl.TextFileProcesserImpl.populateTradeBean(TextFileProcesserImpl.java:116)
	... 2 more
2017-04-12 12:28:01,380 [main] DEBUG SuperStockApp - SuperStockApp Application Main Method -- Start
2017-04-12 12:28:01,385 [main] DEBUG TextFileProcesserImpl - Inside TextFileProcesserImpl processInputFile() Method -- Start
2017-04-12 12:28:01,389 [main] DEBUG TextFileProcesserImpl - Invalid Input Date
com.jpmorgan.supersimple.stock.exception.SuperStockExcpetion: java.lang.NumberFormatException: For input string: "null"
	at com.jpmorgan.supersimple.stock.impl.TextFileProcesserImpl.populateTradeBean(TextFileProcesserImpl.java:137)
	at com.jpmorgan.supersimple.stock.impl.TextFileProcesserImpl.processInputFile(TextFileProcesserImpl.java:64)
	at com.jpmorgan.supersimple.stock.app.SuperStockApp.main(SuperStockApp.java:36)
Caused by: java.lang.NumberFormatException: For input string: "null"
	at sun.misc.FloatingDecimal.readJavaFormatString(FloatingDecimal.java:2043)
	at sun.misc.FloatingDecimal.parseDouble(FloatingDecimal.java:110)
	at java.lang.Double.parseDouble(Double.java:538)
	at com.jpmorgan.supersimple.stock.impl.TextFileProcesserImpl.populateTradeBean(TextFileProcesserImpl.java:116)
	... 2 more
2017-04-12 12:28:01,473 [main] DEBUG TextFileProcesserImpl - Inside TextFileProcesserImpl processInputFile() Method -- End
2017-04-12 12:28:01,487 [main] DEBUG SuperStockApp - SuperStockApp Application Main Method -- End
2017-04-12 12:46:08,687 [main] DEBUG SuperStockApp - SuperStockApp Application Main Method -- Start
2017-04-12 12:46:08,690 [main] DEBUG TextFileProcesserImpl - Inside TextFileProcesserImpl processInputFile() Method -- Start
2017-04-12 12:46:08,694 [main] DEBUG TextFileProcesserImpl - Invalid Input Data
com.jpmorgan.supersimple.stock.exception.SuperStockExcpetion: java.lang.NumberFormatException: For input string: "null"
	at com.jpmorgan.supersimple.stock.impl.TextFileProcesserImpl.populateTradeBean(TextFileProcesserImpl.java:138)
	at com.jpmorgan.supersimple.stock.impl.TextFileProcesserImpl.processInputFile(TextFileProcesserImpl.java:65)
	at com.jpmorgan.supersimple.stock.app.SuperStockApp.main(SuperStockApp.java:34)
Caused by: java.lang.NumberFormatException: For input string: "null"
	at sun.misc.FloatingDecimal.readJavaFormatString(FloatingDecimal.java:2043)
	at sun.misc.FloatingDecimal.parseDouble(FloatingDecimal.java:110)
	at java.lang.Double.parseDouble(Double.java:538)
	at com.jpmorgan.supersimple.stock.impl.TextFileProcesserImpl.populateTradeBean(TextFileProcesserImpl.java:118)
	... 2 more
2017-04-12 12:46:08,696 [main] DEBUG TextFileProcesserImpl - MS/null/null/GBP/05 Apr 2017/06 Apr 2017/200/200.50
2017-04-12 12:46:08,774 [main] DEBUG TextFileProcesserImpl - Inside TextFileProcesserImpl processInputFile() Method -- End
2017-04-12 12:46:08,788 [main] DEBUG SuperStockApp - SuperStockApp Application Main Method -- End
2017-04-12 12:46:52,329 [main] DEBUG SuperStockApp - SuperStockApp Application Main Method -- Start
2017-04-12 12:46:52,332 [main] DEBUG TextFileProcesserImpl - Inside TextFileProcesserImpl processInputFile() Method -- Start
2017-04-12 12:46:52,415 [main] DEBUG TextFileProcesserImpl - Inside TextFileProcesserImpl processInputFile() Method -- End
2017-04-12 12:46:52,417 [main] INFO  GenerateReportHelper - Instruction is not in proper order
2017-04-12 12:46:52,417 [main] INFO  GenerateReportHelper - null
2017-04-12 12:46:52,430 [main] DEBUG SuperStockApp - SuperStockApp Application Main Method -- End
2017-04-12 12:47:28,552 [main] DEBUG SuperStockApp - SuperStockApp Application Main Method -- Start
2017-04-12 12:47:28,564 [main] DEBUG TextFileProcesserImpl - Inside TextFileProcesserImpl processInputFile() Method -- Start
2017-04-12 12:47:58,862 [main] DEBUG TextFileProcesserImpl - Inside TextFileProcesserImpl processInputFile() Method -- End
2017-04-12 12:48:43,489 [main] INFO  GenerateReportHelper - Instruction is not in proper order
2017-04-12 12:48:44,877 [main] INFO  GenerateReportHelper - null
2017-04-12 12:49:36,774 [main] DEBUG SuperStockApp - SuperStockApp Application Main Method -- Start
2017-04-12 12:49:36,777 [main] DEBUG TextFileProcesserImpl - Inside TextFileProcesserImpl processInputFile() Method -- Start
2017-04-12 12:49:36,872 [main] DEBUG TextFileProcesserImpl - Inside TextFileProcesserImpl processInputFile() Method -- End
2017-04-12 12:49:36,874 [main] INFO  GenerateReportHelper - Instruction is not in proper order
2017-04-12 12:49:36,874 [main] INFO  GenerateReportHelper - 
2017-04-12 12:49:36,888 [main] DEBUG SuperStockApp - SuperStockApp Application Main Method -- End
2017-04-12 12:50:11,983 [main] DEBUG SuperStockApp - SuperStockApp Application Main Method -- Start
2017-04-12 12:50:11,994 [main] DEBUG TextFileProcesserImpl - Inside TextFileProcesserImpl processInputFile() Method -- Start
2017-04-12 12:51:01,146 [main] DEBUG TextFileProcesserImpl - Inside TextFileProcesserImpl processInputFile() Method -- End
2017-04-12 12:51:29,498 [main] INFO  GenerateReportHelper - Instruction is not in proper order
2017-04-12 12:51:30,377 [main] INFO  GenerateReportHelper - 
2017-04-12 12:51:41,613 [main] DEBUG SuperStockApp - SuperStockApp Application Main Method -- End
2017-04-12 12:52:08,625 [main] DEBUG SuperStockApp - SuperStockApp Application Main Method -- Start
2017-04-12 12:52:08,627 [main] DEBUG TextFileProcesserImpl - Inside TextFileProcesserImpl processInputFile() Method -- Start
2017-04-12 12:52:08,628 [main] DEBUG TextFileProcesserImpl - Invalid Data
2017-04-12 12:52:08,732 [main] DEBUG TextFileProcesserImpl - Inside TextFileProcesserImpl processInputFile() Method -- End
2017-04-12 12:52:08,750 [main] DEBUG SuperStockApp - SuperStockApp Application Main Method -- End
2017-04-12 12:52:41,440 [main] DEBUG SuperStockApp - SuperStockApp Application Main Method -- Start
2017-04-12 12:52:41,441 [main] DEBUG TextFileProcesserImpl - Inside TextFileProcesserImpl processInputFile() Method -- Start
2017-04-12 12:52:41,442 [main] DEBUG TextFileProcesserImpl - Invalid Data
2017-04-12 12:52:41,520 [main] DEBUG TextFileProcesserImpl - Inside TextFileProcesserImpl processInputFile() Method -- End
2017-04-12 12:52:41,535 [main] DEBUG SuperStockApp - SuperStockApp Application Main Method -- End
2017-04-12 12:53:05,916 [main] DEBUG SuperStockApp - SuperStockApp Application Main Method -- Start
2017-04-12 12:53:05,917 [main] DEBUG TextFileProcesserImpl - Inside TextFileProcesserImpl processInputFile() Method -- Start
2017-04-12 12:53:05,998 [main] DEBUG TextFileProcesserImpl - Inside TextFileProcesserImpl processInputFile() Method -- End
2017-04-12 12:53:06,011 [main] DEBUG SuperStockApp - SuperStockApp Application Main Method -- End
2017-04-12 12:54:15,900 [main] DEBUG SuperStockApp - SuperStockApp Application Main Method -- Start
2017-04-12 12:54:15,902 [main] DEBUG TextFileProcesserImpl - Inside TextFileProcesserImpl processInputFile() Method -- Start
2017-04-12 12:54:15,902 [main] DEBUG TextFileProcesserImpl - Invalid Data
2017-04-12 12:54:15,994 [main] DEBUG TextFileProcesserImpl - Inside TextFileProcesserImpl processInputFile() Method -- End
2017-04-12 12:54:16,008 [main] DEBUG SuperStockApp - SuperStockApp Application Main Method -- End
2017-04-12 13:14:26,576 [main] DEBUG SuperStockApp - SuperStockApp Application Main Method -- Start
2017-04-12 13:14:26,578 [main] DEBUG TextFileProcesserImpl - Inside TextFileProcesserImpl processInputFile() Method -- Start
2017-04-12 13:14:26,581 [main] DEBUG TextFileProcesserImpl - com.jpmorgan.supersimple.stock.exception.SuperStockExcpetion: Error While Parsing String to Number
2017-04-12 13:14:26,581 [main] DEBUG TextFileProcesserImpl - MS/B/null/GBP/05 Apr 2017/06 Apr 2017/200/200.50
2017-04-12 13:14:26,663 [main] DEBUG TextFileProcesserImpl - Inside TextFileProcesserImpl processInputFile() Method -- End
2017-04-12 13:14:26,679 [main] DEBUG SuperStockApp - SuperStockApp Application Main Method -- End
2017-04-12 13:14:51,852 [main] DEBUG SuperStockApp - SuperStockApp Application Main Method -- Start
2017-04-12 13:14:51,855 [main] DEBUG TextFileProcesserImpl - Inside TextFileProcesserImpl processInputFile() Method -- Start
2017-04-12 13:14:51,857 [main] ERROR TextFileProcesserImpl - com.jpmorgan.supersimple.stock.exception.SuperStockExcpetion: Error While Parsing String to Number
2017-04-12 13:14:51,858 [main] DEBUG TextFileProcesserImpl - MS/B/null/GBP/05 Apr 2017/06 Apr 2017/200/200.50
2017-04-12 13:14:51,938 [main] DEBUG TextFileProcesserImpl - Inside TextFileProcesserImpl processInputFile() Method -- End
2017-04-12 13:14:51,953 [main] DEBUG SuperStockApp - SuperStockApp Application Main Method -- End
2017-04-12 13:16:00,779 [main] DEBUG SuperStockApp - SuperStockApp Application Main Method -- Start
2017-04-12 13:16:00,782 [main] DEBUG TextFileProcesserImpl - Inside TextFileProcesserImpl processInputFile() Method -- Start
2017-04-12 13:16:00,785 [main] ERROR TextFileProcesserImpl - Error While Parsing String to Number
com.jpmorgan.supersimple.stock.exception.SuperStockExcpetion: Error While Parsing String to Number
	at com.jpmorgan.supersimple.stock.impl.TextFileProcesserImpl.populateTradeBean(TextFileProcesserImpl.java:141)
	at com.jpmorgan.supersimple.stock.impl.TextFileProcesserImpl.processInputFile(TextFileProcesserImpl.java:64)
	at com.jpmorgan.supersimple.stock.app.SuperStockApp.main(SuperStockApp.java:34)
Caused by: java.lang.NumberFormatException: For input string: "null"
	at sun.misc.FloatingDecimal.readJavaFormatString(FloatingDecimal.java:2043)
	at sun.misc.FloatingDecimal.parseDouble(FloatingDecimal.java:110)
	at java.lang.Double.parseDouble(Double.java:538)
	at com.jpmorgan.supersimple.stock.impl.TextFileProcesserImpl.populateTradeBean(TextFileProcesserImpl.java:123)
	... 2 more
2017-04-12 13:16:00,788 [main] DEBUG TextFileProcesserImpl - MS/B/null/GBP/05 Apr 2017/06 Apr 2017/200/200.50
2017-04-12 13:16:00,874 [main] DEBUG TextFileProcesserImpl - Inside TextFileProcesserImpl processInputFile() Method -- End
2017-04-12 13:16:00,888 [main] DEBUG SuperStockApp - SuperStockApp Application Main Method -- End
2017-04-12 13:16:48,635 [main] DEBUG SuperStockApp - SuperStockApp Application Main Method -- Start
2017-04-12 13:16:48,637 [main] DEBUG TextFileProcesserImpl - Inside TextFileProcesserImpl processInputFile() Method -- Start
2017-04-12 13:16:48,640 [main] ERROR TextFileProcesserImpl - com.jpmorgan.supersimple.stock.exception.SuperStockExcpetion: Error While Parsing String to Number
2017-04-12 13:16:48,640 [main] DEBUG TextFileProcesserImpl - MS/B/null/GBP/05 Apr 2017/06 Apr 2017/200/200.50
2017-04-12 13:16:48,721 [main] DEBUG TextFileProcesserImpl - Inside TextFileProcesserImpl processInputFile() Method -- End
2017-04-12 13:16:48,736 [main] DEBUG SuperStockApp - SuperStockApp Application Main Method -- End
2017-04-12 13:17:53,146 [main] DEBUG SuperStockApp - SuperStockApp Application Main Method -- Start
2017-04-12 13:17:53,149 [main] DEBUG TextFileProcesserImpl - Inside TextFileProcesserImpl processInputFile() Method -- Start
2017-04-12 13:17:53,153 [main] ERROR TextFileProcesserImpl - MS/B/null/GBP/05 Apr 2017/06 Apr 2017/200/200.50
com.jpmorgan.supersimple.stock.exception.SuperStockExcpetion: Error While Parsing String to Number
	at com.jpmorgan.supersimple.stock.impl.TextFileProcesserImpl.populateTradeBean(TextFileProcesserImpl.java:140)
	at com.jpmorgan.supersimple.stock.impl.TextFileProcesserImpl.processInputFile(TextFileProcesserImpl.java:64)
	at com.jpmorgan.supersimple.stock.app.SuperStockApp.main(SuperStockApp.java:34)
Caused by: java.lang.NumberFormatException: For input string: "null"
	at sun.misc.FloatingDecimal.readJavaFormatString(FloatingDecimal.java:2043)
	at sun.misc.FloatingDecimal.parseDouble(FloatingDecimal.java:110)
	at java.lang.Double.parseDouble(Double.java:538)
	at com.jpmorgan.supersimple.stock.impl.TextFileProcesserImpl.populateTradeBean(TextFileProcesserImpl.java:122)
	... 2 more
2017-04-12 13:17:53,248 [main] DEBUG TextFileProcesserImpl - Inside TextFileProcesserImpl processInputFile() Method -- End
2017-04-12 13:17:53,268 [main] DEBUG SuperStockApp - SuperStockApp Application Main Method -- End
2017-04-12 13:20:26,768 [main] DEBUG SuperStockApp - SuperStockApp Application Main Method -- Start
2017-04-12 13:20:26,770 [main] DEBUG TextFileProcesserImpl - Inside TextFileProcesserImpl processInputFile() Method -- Start
2017-04-12 13:20:26,775 [main] ERROR SuperStockApp - Expception while reading the Input file
com.jpmorgan.supersimple.stock.exception.SuperStockExcpetion: Missing fields for trade
	at com.jpmorgan.supersimple.stock.impl.TextFileProcesserImpl.processInputFile(TextFileProcesserImpl.java:77)
	at com.jpmorgan.supersimple.stock.app.SuperStockApp.main(SuperStockApp.java:34)
2017-04-12 13:20:26,778 [main] DEBUG SuperStockApp - SuperStockApp Application Main Method -- End
2017-04-12 13:23:20,094 [main] DEBUG SuperStockApp - SuperStockApp Application Main Method -- Start
2017-04-12 13:23:20,096 [main] DEBUG TextFileProcesserImpl - Inside TextFileProcesserImpl processInputFile() Method -- Start
2017-04-12 13:23:20,098 [main] DEBUG TextFileProcesserImpl - Invalid Data for the below input
2017-04-12 13:23:20,098 [main] DEBUG TextFileProcesserImpl - null
2017-04-12 13:23:20,180 [main] DEBUG TextFileProcesserImpl - Inside TextFileProcesserImpl processInputFile() Method -- End
2017-04-12 13:23:20,198 [main] DEBUG SuperStockApp - SuperStockApp Application Main Method -- End
2017-04-12 13:23:51,299 [main] DEBUG SuperStockApp - SuperStockApp Application Main Method -- Start
2017-04-12 13:23:51,302 [main] DEBUG TextFileProcesserImpl - Inside TextFileProcesserImpl processInputFile() Method -- Start
2017-04-12 13:23:51,304 [main] DEBUG TextFileProcesserImpl - Invalid Data for the below input
2017-04-12 13:23:51,304 [main] DEBUG TextFileProcesserImpl - MS/B/0.50/GBP/05 Apr 2017/06 Apr 17/200
2017-04-12 13:23:51,389 [main] DEBUG TextFileProcesserImpl - Inside TextFileProcesserImpl processInputFile() Method -- End
2017-04-12 13:23:51,405 [main] DEBUG SuperStockApp - SuperStockApp Application Main Method -- End
2017-04-12 13:24:40,297 [main] DEBUG SuperStockApp - SuperStockApp Application Main Method -- Start
2017-04-12 13:24:40,303 [main] DEBUG TextFileProcesserImpl - Inside TextFileProcesserImpl processInputFile() Method -- Start
2017-04-12 13:24:40,308 [main] DEBUG TextFileProcesserImpl - Invalid Data for the below input
2017-04-12 13:24:40,308 [main] DEBUG TextFileProcesserImpl - MS/B/0.50/GBP/05 Apr 2017/06 Apr 17/200
2017-04-12 13:25:39,349 [main] DEBUG SuperStockApp - SuperStockApp Application Main Method -- Start
2017-04-12 13:25:39,355 [main] DEBUG TextFileProcesserImpl - Inside TextFileProcesserImpl processInputFile() Method -- Start
2017-04-12 13:25:56,532 [main] DEBUG SuperStockApp - SuperStockApp Application Main Method -- Start
2017-04-12 13:25:56,535 [main] DEBUG TextFileProcesserImpl - Inside TextFileProcesserImpl processInputFile() Method -- Start
2017-04-12 13:25:56,616 [main] ERROR TextFileProcesserImpl - MS/B/0.50/GBP/05 Apr 2017/06 Apr 17/200/100.22
com.jpmorgan.supersimple.stock.exception.SuperStockExcpetion: Error While Parsing Settlement Date
	at com.jpmorgan.supersimple.stock.impl.WeekendDateConverterImpl.incrementDaysExcludingWeekends(WeekendDateConverterImpl.java:51)
	at com.jpmorgan.supersimple.stock.impl.TextFileProcesserImpl.populateTradeBean(TextFileProcesserImpl.java:135)
	at com.jpmorgan.supersimple.stock.impl.TextFileProcesserImpl.processInputFile(TextFileProcesserImpl.java:64)
	at com.jpmorgan.supersimple.stock.app.SuperStockApp.main(SuperStockApp.java:34)
Caused by: java.time.format.DateTimeParseException: Text '06 Apr 17' could not be parsed at index 7
	at java.time.format.DateTimeFormatter.parseResolved0(DateTimeFormatter.java:1949)
	at java.time.format.DateTimeFormatter.parse(DateTimeFormatter.java:1851)
	at java.time.LocalDate.parse(LocalDate.java:400)
	at com.jpmorgan.supersimple.stock.impl.WeekendDateConverterImpl.incrementDaysExcludingWeekends(WeekendDateConverterImpl.java:39)
	... 3 more
2017-04-12 13:25:56,626 [main] DEBUG TextFileProcesserImpl - Inside TextFileProcesserImpl processInputFile() Method -- End
2017-04-12 13:25:56,649 [main] DEBUG SuperStockApp - SuperStockApp Application Main Method -- End
2017-04-12 13:27:17,094 [main] DEBUG SuperStockApp - SuperStockApp Application Main Method -- Start
2017-04-12 13:27:17,097 [main] DEBUG TextFileProcesserImpl - Inside TextFileProcesserImpl processInputFile() Method -- Start
2017-04-12 13:27:17,103 [main] ERROR TextFileProcesserImpl - MS/B/0.50/GB/05 Apr 2017/06 Apr 17/200/100.22
com.jpmorgan.supersimple.stock.exception.SuperStockExcpetion: Currency Field is Invalid
	at com.jpmorgan.supersimple.stock.impl.TextFileProcesserImpl.populateTradeBean(TextFileProcesserImpl.java:138)
	at com.jpmorgan.supersimple.stock.impl.TextFileProcesserImpl.processInputFile(TextFileProcesserImpl.java:64)
	at com.jpmorgan.supersimple.stock.app.SuperStockApp.main(SuperStockApp.java:34)
2017-04-12 13:27:17,196 [main] DEBUG TextFileProcesserImpl - Inside TextFileProcesserImpl processInputFile() Method -- End
2017-04-12 13:27:17,222 [main] DEBUG SuperStockApp - SuperStockApp Application Main Method -- End
2017-04-12 13:29:21,105 [main] DEBUG SuperStockApp - SuperStockApp Application Main Method -- Start
2017-04-12 13:29:21,110 [main] DEBUG TextFileProcesserImpl - Inside TextFileProcesserImpl processInputFile() Method -- Start
2017-04-12 13:29:21,113 [main] ERROR TextFileProcesserImpl - MS/B/0.50/GB/05 Apr 2017/06 Apr 17/200/100.22
com.jpmorgan.supersimple.stock.exception.SuperStockExcpetion: Currency Field is Invalid
	at com.jpmorgan.supersimple.stock.impl.TextFileProcesserImpl.populateTradeBean(TextFileProcesserImpl.java:136)
	at com.jpmorgan.supersimple.stock.impl.TextFileProcesserImpl.processInputFile(TextFileProcesserImpl.java:64)
	at com.jpmorgan.supersimple.stock.app.SuperStockApp.main(SuperStockApp.java:34)
2017-04-12 13:29:55,107 [main] DEBUG SuperStockApp - SuperStockApp Application Main Method -- Start
2017-04-12 13:29:55,110 [main] DEBUG TextFileProcesserImpl - Inside TextFileProcesserImpl processInputFile() Method -- Start
2017-04-12 13:29:55,112 [main] ERROR TextFileProcesserImpl - MS/B/0.50/GB/05 Apr 2017/06 Apr 17/200/100.22
com.jpmorgan.supersimple.stock.exception.SuperStockExcpetion: Currency Field is Invalid
	at com.jpmorgan.supersimple.stock.impl.TextFileProcesserImpl.populateTradeBean(TextFileProcesserImpl.java:138)
	at com.jpmorgan.supersimple.stock.impl.TextFileProcesserImpl.processInputFile(TextFileProcesserImpl.java:64)
	at com.jpmorgan.supersimple.stock.app.SuperStockApp.main(SuperStockApp.java:34)
2017-04-12 13:29:55,204 [main] DEBUG TextFileProcesserImpl - Inside TextFileProcesserImpl processInputFile() Method -- End
2017-04-12 13:29:55,228 [main] DEBUG SuperStockApp - SuperStockApp Application Main Method -- End
2017-04-12 13:40:48,291 [main] DEBUG TextFileProcesserImpl - Inside TextFileProcesserImpl processInputFile() Method -- Start
2017-04-12 13:40:48,299 [main] DEBUG TextFileProcesserImpl - Inside TextFileProcesserImpl processInputFile() Method -- Start
2017-04-12 13:40:48,300 [main] ERROR TextFileProcesserImpl - MS/B/0.50/GB/05 Apr 2017/06 Apr 17/200/100.22
com.jpmorgan.supersimple.stock.exception.SuperStockExcpetion: Currency Field is Invalid
	at com.jpmorgan.supersimple.stock.impl.TextFileProcesserImpl.populateTradeBean(TextFileProcesserImpl.java:138)
	at com.jpmorgan.supersimple.stock.impl.TextFileProcesserImpl.processInputFile(TextFileProcesserImpl.java:63)
	at com.jpmorgan.supersimple.stock.impl.TextFileProcesserImplTest.testForValidInputFile(TextFileProcesserImplTest.java:48)
	at sun.reflect.NativeMethodAccessorImpl.invoke0(Native Method)
	at sun.reflect.NativeMethodAccessorImpl.invoke(NativeMethodAccessorImpl.java:62)
	at sun.reflect.DelegatingMethodAccessorImpl.invoke(DelegatingMethodAccessorImpl.java:43)
	at java.lang.reflect.Method.invoke(Method.java:498)
	at org.junit.runners.model.FrameworkMethod$1.runReflectiveCall(FrameworkMethod.java:50)
	at org.junit.internal.runners.model.ReflectiveCallable.run(ReflectiveCallable.java:12)
	at org.junit.runners.model.FrameworkMethod.invokeExplosively(FrameworkMethod.java:47)
	at org.junit.internal.runners.statements.InvokeMethod.evaluate(InvokeMethod.java:17)
	at org.junit.internal.runners.statements.RunBefores.evaluate(RunBefores.java:26)
	at org.junit.internal.runners.statements.RunAfters.evaluate(RunAfters.java:27)
	at org.junit.runners.ParentRunner.runLeaf(ParentRunner.java:325)
	at org.junit.runners.BlockJUnit4ClassRunner.runChild(BlockJUnit4ClassRunner.java:78)
	at org.junit.runners.BlockJUnit4ClassRunner.runChild(BlockJUnit4ClassRunner.java:57)
	at org.junit.runners.ParentRunner$3.run(ParentRunner.java:290)
	at org.junit.runners.ParentRunner$1.schedule(ParentRunner.java:71)
	at org.junit.runners.ParentRunner.runChildren(ParentRunner.java:288)
	at org.junit.runners.ParentRunner.access$000(ParentRunner.java:58)
	at org.junit.runners.ParentRunner$2.evaluate(ParentRunner.java:268)
	at org.junit.runners.ParentRunner.run(ParentRunner.java:363)
	at org.apache.maven.surefire.junit4.JUnit4Provider.execute(JUnit4Provider.java:252)
	at org.apache.maven.surefire.junit4.JUnit4Provider.executeTestSet(JUnit4Provider.java:141)
	at org.apache.maven.surefire.junit4.JUnit4Provider.invoke(JUnit4Provider.java:112)
	at sun.reflect.NativeMethodAccessorImpl.invoke0(Native Method)
	at sun.reflect.NativeMethodAccessorImpl.invoke(NativeMethodAccessorImpl.java:62)
	at sun.reflect.DelegatingMethodAccessorImpl.invoke(DelegatingMethodAccessorImpl.java:43)
	at java.lang.reflect.Method.invoke(Method.java:498)
	at org.apache.maven.surefire.util.ReflectionUtils.invokeMethodWithArray(ReflectionUtils.java:189)
	at org.apache.maven.surefire.booter.ProviderFactory$ProviderProxy.invoke(ProviderFactory.java:165)
	at org.apache.maven.surefire.booter.ProviderFactory.invokeProvider(ProviderFactory.java:85)
	at org.apache.maven.surefire.booter.ForkedBooter.runSuitesInProcess(ForkedBooter.java:115)
	at org.apache.maven.surefire.booter.ForkedBooter.main(ForkedBooter.java:75)
2017-04-12 13:40:48,395 [main] DEBUG TextFileProcesserImpl - Inside TextFileProcesserImpl processInputFile() Method -- End
2017-04-12 13:40:48,395 [main] DEBUG TextFileProcesserImpl - Inside TextFileProcesserImpl processInputFile() Method -- Start
2017-04-12 13:56:28,893 [main] DEBUG SuperStockApp - SuperStockApp Application Main Method -- Start
2017-04-12 13:56:28,896 [main] DEBUG TextFileProcesserImpl - Inside TextFileProcesserImpl processInputFile() Method -- Start
2017-04-12 13:56:28,900 [main] ERROR TextFileProcesserImpl - MS/B/0.50/GB/05 Apr 2017/06 Apr 17/200/100.22
com.jpmorgan.supersimple.stock.exception.SuperStockExcpetion: Currency Field is Invalid
	at com.jpmorgan.supersimple.stock.impl.TextFileProcesserImpl.populateTradeBean(TextFileProcesserImpl.java:138)
	at com.jpmorgan.supersimple.stock.impl.TextFileProcesserImpl.processInputFile(TextFileProcesserImpl.java:63)
	at com.jpmorgan.supersimple.stock.app.SuperStockApp.main(SuperStockApp.java:34)
2017-04-12 13:56:29,005 [main] DEBUG TextFileProcesserImpl - Inside TextFileProcesserImpl processInputFile() Method -- End
2017-04-12 13:56:29,024 [main] DEBUG SuperStockApp - SuperStockApp Application Main Method -- End
2017-04-12 13:58:34,440 [main] DEBUG TextFileProcesserImpl - Inside TextFileProcesserImpl processInputFile() Method -- Start
2017-04-12 13:58:34,442 [main] DEBUG TextFileProcesserImpl - Inside TextFileProcesserImpl processInputFile() Method -- Start
2017-04-12 13:58:34,549 [main] DEBUG TextFileProcesserImpl - Inside TextFileProcesserImpl processInputFile() Method -- End
2017-04-12 13:58:34,549 [main] DEBUG TextFileProcesserImpl - Inside TextFileProcesserImpl processInputFile() Method -- Start
2017-04-12 13:59:03,684 [main] DEBUG TextFileProcesserImpl - Inside TextFileProcesserImpl processInputFile() Method -- Start
2017-04-12 13:59:03,685 [main] DEBUG TextFileProcesserImpl - Inside TextFileProcesserImpl processInputFile() Method -- Start
2017-04-12 13:59:03,687 [main] DEBUG TextFileProcesserImpl - Inside TextFileProcesserImpl processInputFile() Method -- End
2017-04-12 13:59:03,687 [main] DEBUG TextFileProcesserImpl - Inside TextFileProcesserImpl processInputFile() Method -- Start
2017-04-12 14:00:51,116 [main] DEBUG TextFileProcesserImpl - Inside TextFileProcesserImpl processInputFile() Method -- Start
2017-04-12 14:00:51,117 [main] DEBUG TextFileProcesserImpl - Inside TextFileProcesserImpl processInputFile() Method -- Start
2017-04-12 14:00:51,192 [main] DEBUG TextFileProcesserImpl - Inside TextFileProcesserImpl processInputFile() Method -- End
2017-04-12 14:00:51,192 [main] DEBUG TextFileProcesserImpl - Inside TextFileProcesserImpl processInputFile() Method -- Start
2017-04-12 14:01:46,090 [main] DEBUG TextFileProcesserImpl - Inside TextFileProcesserImpl processInputFile() Method -- Start
2017-04-12 14:01:46,092 [main] DEBUG TextFileProcesserImpl - Inside TextFileProcesserImpl processInputFile() Method -- Start
2017-04-12 14:01:46,233 [main] DEBUG TextFileProcesserImpl - Inside TextFileProcesserImpl processInputFile() Method -- End
2017-04-12 14:01:46,234 [main] DEBUG TextFileProcesserImpl - Inside TextFileProcesserImpl processInputFile() Method -- Start
2017-04-12 14:04:16,088 [main] DEBUG TextFileProcesserImpl - Inside TextFileProcesserImpl processInputFile() Method -- Start
2017-04-12 14:04:16,089 [main] DEBUG TextFileProcesserImpl - Inside TextFileProcesserImpl processInputFile() Method -- Start
2017-04-12 14:04:16,163 [main] DEBUG TextFileProcesserImpl - Inside TextFileProcesserImpl processInputFile() Method -- End
2017-04-12 14:04:16,164 [main] DEBUG TextFileProcesserImpl - Inside TextFileProcesserImpl processInputFile() Method -- Start
2017-04-12 14:04:52,689 [main] DEBUG TextFileProcesserImpl - Inside TextFileProcesserImpl processInputFile() Method -- Start
2017-04-12 14:04:52,690 [main] DEBUG TextFileProcesserImpl - Inside TextFileProcesserImpl processInputFile() Method -- Start
2017-04-12 14:04:52,764 [main] DEBUG TextFileProcesserImpl - Inside TextFileProcesserImpl processInputFile() Method -- End
2017-04-12 14:04:52,765 [main] DEBUG TextFileProcesserImpl - Inside TextFileProcesserImpl processInputFile() Method -- Start
2017-04-12 14:07:17,592 [main] DEBUG TextFileProcesserImpl - Inside TextFileProcesserImpl processInputFile() Method -- Start
2017-04-12 14:07:17,594 [main] DEBUG TextFileProcesserImpl - Inside TextFileProcesserImpl processInputFile() Method -- Start
2017-04-12 14:07:17,597 [main] DEBUG TextFileProcesserImpl - Inside TextFileProcesserImpl processInputFile() Method -- End
2017-04-12 14:07:17,598 [main] DEBUG TextFileProcesserImpl - Inside TextFileProcesserImpl processInputFile() Method -- Start
2017-04-12 14:10:47,415 [main] DEBUG TextFileProcesserImpl - Inside TextFileProcesserImpl processInputFile() Method -- Start
2017-04-12 14:10:47,417 [main] DEBUG TextFileProcesserImpl - Inside TextFileProcesserImpl processInputFile() Method -- Start
2017-04-12 14:10:47,420 [main] DEBUG TextFileProcesserImpl - Inside TextFileProcesserImpl processInputFile() Method -- End
2017-04-12 14:10:47,421 [main] DEBUG TextFileProcesserImpl - Inside TextFileProcesserImpl processInputFile() Method -- Start
2017-04-12 14:11:56,143 [main] DEBUG TextFileProcesserImpl - Inside TextFileProcesserImpl processInputFile() Method -- Start
2017-04-12 14:11:56,145 [main] DEBUG TextFileProcesserImpl - Inside TextFileProcesserImpl processInputFile() Method -- Start
2017-04-12 14:11:56,149 [main] DEBUG TextFileProcesserImpl - Inside TextFileProcesserImpl processInputFile() Method -- End
2017-04-12 14:11:56,151 [main] DEBUG TextFileProcesserImpl - Inside TextFileProcesserImpl processInputFile() Method -- Start
2017-04-12 14:12:16,341 [main] DEBUG TextFileProcesserImpl - Inside TextFileProcesserImpl processInputFile() Method -- Start
2017-04-12 14:12:16,343 [main] DEBUG TextFileProcesserImpl - Inside TextFileProcesserImpl processInputFile() Method -- Start
2017-04-12 14:12:16,345 [main] DEBUG TextFileProcesserImpl - Inside TextFileProcesserImpl processInputFile() Method -- End
2017-04-12 14:12:16,346 [main] DEBUG TextFileProcesserImpl - Inside TextFileProcesserImpl processInputFile() Method -- Start
2017-04-12 14:13:25,070 [main] DEBUG TextFileProcesserImpl - Inside TextFileProcesserImpl processInputFile() Method -- Start
2017-04-12 14:13:25,071 [main] DEBUG TextFileProcesserImpl - Inside TextFileProcesserImpl processInputFile() Method -- Start
2017-04-12 14:13:25,073 [main] DEBUG TextFileProcesserImpl - Inside TextFileProcesserImpl processInputFile() Method -- End
2017-04-12 14:13:25,074 [main] DEBUG TextFileProcesserImpl - Inside TextFileProcesserImpl processInputFile() Method -- Start
2017-04-12 14:38:37,846 [main] DEBUG TextFileProcesserImpl - Inside TextFileProcesserImpl processInputFile() Method -- Start
2017-04-12 14:38:37,847 [main] DEBUG TextFileProcesserImpl - Inside TextFileProcesserImpl processInputFile() Method -- Start
2017-04-12 14:38:37,850 [main] DEBUG TextFileProcesserImpl - Inside TextFileProcesserImpl processInputFile() Method -- End
2017-04-12 14:38:37,851 [main] DEBUG TextFileProcesserImpl - Inside TextFileProcesserImpl processInputFile() Method -- Start
2017-04-12 14:53:18,089 [main] DEBUG SuperStockApp - SuperStockApp Application Main Method -- Start
2017-04-12 14:53:18,091 [main] DEBUG TextFileProcesserImpl - Inside TextFileProcesserImpl processInputFile() Method -- Start
2017-04-12 14:53:18,094 [main] ERROR TextFileProcesserImpl - MS/B//GBP/05 Apr 2017/06 Apr 2017/200/100.22
com.jpmorgan.supersimple.stock.exception.SuperStockExcpetion: Invalid agreedFX Value
	at com.jpmorgan.supersimple.stock.impl.TextFileProcesserImpl.populateTradeBean(TextFileProcesserImpl.java:131)
	at com.jpmorgan.supersimple.stock.impl.TextFileProcesserImpl.processInputFile(TextFileProcesserImpl.java:63)
	at com.jpmorgan.supersimple.stock.app.SuperStockApp.main(SuperStockApp.java:34)
2017-04-12 14:53:18,194 [main] DEBUG TextFileProcesserImpl - Inside TextFileProcesserImpl processInputFile() Method -- End
2017-04-12 14:53:18,223 [main] DEBUG SuperStockApp - SuperStockApp Application Main Method -- End
2017-04-12 14:53:50,095 [main] DEBUG SuperStockApp - SuperStockApp Application Main Method -- Start
2017-04-12 14:53:50,098 [main] DEBUG TextFileProcesserImpl - Inside TextFileProcesserImpl processInputFile() Method -- Start
2017-04-12 14:53:50,104 [main] ERROR TextFileProcesserImpl - MS/B/null/GBP/05 Apr 2017/06 Apr 2017/200/100.22
com.jpmorgan.supersimple.stock.exception.SuperStockExcpetion: Error While Parsing String to Number
	at com.jpmorgan.supersimple.stock.impl.TextFileProcesserImpl.populateTradeBean(TextFileProcesserImpl.java:153)
	at com.jpmorgan.supersimple.stock.impl.TextFileProcesserImpl.processInputFile(TextFileProcesserImpl.java:63)
	at com.jpmorgan.supersimple.stock.app.SuperStockApp.main(SuperStockApp.java:34)
Caused by: java.lang.NumberFormatException: For input string: "null"
	at sun.misc.FloatingDecimal.readJavaFormatString(FloatingDecimal.java:2043)
	at sun.misc.FloatingDecimal.parseDouble(FloatingDecimal.java:110)
	at java.lang.Double.parseDouble(Double.java:538)
	at com.jpmorgan.supersimple.stock.impl.TextFileProcesserImpl.populateTradeBean(TextFileProcesserImpl.java:129)
	... 2 more
2017-04-12 14:53:50,196 [main] DEBUG TextFileProcesserImpl - Inside TextFileProcesserImpl processInputFile() Method -- End
2017-04-12 14:53:50,217 [main] DEBUG SuperStockApp - SuperStockApp Application Main Method -- End
2017-04-12 14:55:12,110 [main] DEBUG SuperStockApp - SuperStockApp Application Main Method -- Start
2017-04-12 14:55:12,114 [main] DEBUG TextFileProcesserImpl - Inside TextFileProcesserImpl processInputFile() Method -- Start
2017-04-12 14:55:12,118 [main] ERROR TextFileProcesserImpl - MS/B/null/GBP/05 Apr 2017/06 Apr 2017/200/100.22
com.jpmorgan.supersimple.stock.exception.SuperStockExcpetion: Error While Parsing String to Number
	at com.jpmorgan.supersimple.stock.impl.TextFileProcesserImpl.populateTradeBean(TextFileProcesserImpl.java:153)
	at com.jpmorgan.supersimple.stock.impl.TextFileProcesserImpl.processInputFile(TextFileProcesserImpl.java:63)
	at com.jpmorgan.supersimple.stock.app.SuperStockApp.main(SuperStockApp.java:34)
Caused by: java.lang.NumberFormatException: For input string: "null"
	at sun.misc.FloatingDecimal.readJavaFormatString(FloatingDecimal.java:2043)
	at sun.misc.FloatingDecimal.parseDouble(FloatingDecimal.java:110)
	at java.lang.Double.parseDouble(Double.java:538)
	at com.jpmorgan.supersimple.stock.impl.TextFileProcesserImpl.populateTradeBean(TextFileProcesserImpl.java:129)
	... 2 more
2017-04-12 14:55:12,215 [main] DEBUG TextFileProcesserImpl - Inside TextFileProcesserImpl processInputFile() Method -- End
2017-04-12 14:55:12,235 [main] DEBUG SuperStockApp - SuperStockApp Application Main Method -- End
2017-04-12 14:58:49,476 [main] DEBUG SuperStockApp - SuperStockApp Application Main Method -- Start
2017-04-12 14:58:49,479 [main] DEBUG TextFileProcesserImpl - Inside TextFileProcesserImpl processInputFile() Method -- Start
2017-04-12 14:58:49,595 [main] DEBUG TextFileProcesserImpl - Inside TextFileProcesserImpl processInputFile() Method -- End
2017-04-12 14:58:49,615 [main] DEBUG SuperStockApp - SuperStockApp Application Main Method -- End
2017-04-12 15:01:49,684 [main] DEBUG SuperStockApp - SuperStockApp Application Main Method -- Start
2017-04-12 15:01:49,688 [main] DEBUG TextFileProcesserImpl - Inside TextFileProcesserImpl processInputFile() Method -- Start
2017-04-12 15:01:49,783 [main] DEBUG TextFileProcesserImpl - Inside TextFileProcesserImpl processInputFile() Method -- End
2017-04-12 15:01:49,798 [main] DEBUG SuperStockApp - SuperStockApp Application Main Method -- End
2017-04-12 15:02:03,583 [main] DEBUG SuperStockApp - SuperStockApp Application Main Method -- Start
2017-04-12 15:02:03,586 [main] DEBUG TextFileProcesserImpl - Inside TextFileProcesserImpl processInputFile() Method -- Start
2017-04-12 15:02:03,588 [main] ERROR TextFileProcesserImpl - /B/0.25/GBP/03 Apr 2017/04 Apr 2017/200/100.22
com.jpmorgan.supersimple.stock.exception.SuperStockExcpetion: Entity Field is empty
	at com.jpmorgan.supersimple.stock.impl.TextFileProcesserImpl.populateTradeBean(TextFileProcesserImpl.java:124)
	at com.jpmorgan.supersimple.stock.impl.TextFileProcesserImpl.processInputFile(TextFileProcesserImpl.java:63)
	at com.jpmorgan.supersimple.stock.app.SuperStockApp.main(SuperStockApp.java:34)
2017-04-12 15:02:03,691 [main] DEBUG TextFileProcesserImpl - Inside TextFileProcesserImpl processInputFile() Method -- End
2017-04-12 15:02:03,713 [main] DEBUG SuperStockApp - SuperStockApp Application Main Method -- End
2017-04-12 15:09:37,890 [main] DEBUG SuperStockApp - SuperStockApp Application Main Method -- Start
2017-04-12 15:09:37,896 [main] DEBUG TextFileProcesserImpl - Inside TextFileProcesserImpl processInputFile() Method -- Start
2017-04-12 15:09:37,898 [main] ERROR TextFileProcesserImpl - /B/0.25/GBP/03 Apr 2017/04 Apr 2017/200/100.22
com.jpmorgan.supersimple.stock.exception.SuperStockExcpetion: Entity Field is invalid
	at com.jpmorgan.supersimple.stock.impl.TextFileProcesserImpl.populateTradeBean(TextFileProcesserImpl.java:127)
	at com.jpmorgan.supersimple.stock.impl.TextFileProcesserImpl.processInputFile(TextFileProcesserImpl.java:63)
	at com.jpmorgan.supersimple.stock.app.SuperStockApp.main(SuperStockApp.java:34)
2017-04-12 15:09:38,009 [main] DEBUG TextFileProcesserImpl - Inside TextFileProcesserImpl processInputFile() Method -- End
2017-04-12 15:09:38,027 [main] DEBUG SuperStockApp - SuperStockApp Application Main Method -- End
2017-04-12 15:20:04,045 [main] DEBUG TextFileProcesserImpl - Inside TextFileProcesserImpl processInputFile() Method -- Start
2017-04-12 15:20:04,047 [main] DEBUG TextFileProcesserImpl - Inside TextFileProcesserImpl processInputFile() Method -- End
2017-04-12 15:20:04,049 [main] DEBUG TextFileProcesserImpl - Inside TextFileProcesserImpl processInputFile() Method -- Start
2017-04-12 15:20:04,051 [main] DEBUG TextFileProcesserImpl - Inside TextFileProcesserImpl processInputFile() Method -- Start
2017-04-12 15:20:57,370 [main] DEBUG TextFileProcesserImpl - Inside TextFileProcesserImpl processInputFile() Method -- Start
2017-04-12 15:20:57,375 [main] DEBUG TextFileProcesserImpl - Inside TextFileProcesserImpl processInputFile() Method -- End
2017-04-12 15:20:57,379 [main] DEBUG TextFileProcesserImpl - Inside TextFileProcesserImpl processInputFile() Method -- Start
2017-04-12 15:20:57,384 [main] DEBUG TextFileProcesserImpl - Inside TextFileProcesserImpl processInputFile() Method -- Start
2017-04-12 15:22:18,910 [main] DEBUG TextFileProcesserImpl - Inside TextFileProcesserImpl processInputFile() Method -- Start
2017-04-12 15:22:18,914 [main] DEBUG TextFileProcesserImpl - Inside TextFileProcesserImpl processInputFile() Method -- End
2017-04-12 15:22:18,924 [main] DEBUG TextFileProcesserImpl - Inside TextFileProcesserImpl processInputFile() Method -- Start
2017-04-12 15:22:18,926 [main] DEBUG TextFileProcesserImpl - Inside TextFileProcesserImpl processInputFile() Method -- Start
2017-04-12 15:23:05,644 [main] DEBUG TextFileProcesserImpl - Inside TextFileProcesserImpl processInputFile() Method -- Start
2017-04-12 15:23:05,647 [main] DEBUG TextFileProcesserImpl - Inside TextFileProcesserImpl processInputFile() Method -- End
2017-04-12 15:23:05,650 [main] DEBUG TextFileProcesserImpl - Inside TextFileProcesserImpl processInputFile() Method -- Start
2017-04-12 15:23:05,652 [main] DEBUG TextFileProcesserImpl - Inside TextFileProcesserImpl processInputFile() Method -- Start
2017-04-12 15:24:57,981 [main] DEBUG TextFileProcesserImpl - Inside TextFileProcesserImpl processInputFile() Method -- Start
2017-04-12 15:24:58,096 [main] DEBUG TextFileProcesserImpl - Inside TextFileProcesserImpl processInputFile() Method -- Start
2017-04-12 15:24:58,099 [main] DEBUG TextFileProcesserImpl - Inside TextFileProcesserImpl processInputFile() Method -- End
2017-04-12 15:24:58,101 [main] DEBUG TextFileProcesserImpl - Inside TextFileProcesserImpl processInputFile() Method -- Start
2017-04-12 15:26:40,599 [main] DEBUG TextFileProcesserImpl - Inside TextFileProcesserImpl processInputFile() Method -- Start
2017-04-12 15:26:40,609 [main] DEBUG TextFileProcesserImpl - Inside TextFileProcesserImpl processInputFile() Method -- Start
2017-04-12 15:26:40,612 [main] DEBUG TextFileProcesserImpl - Inside TextFileProcesserImpl processInputFile() Method -- End
2017-04-12 15:26:40,620 [main] DEBUG TextFileProcesserImpl - Inside TextFileProcesserImpl processInputFile() Method -- Start
2017-04-12 15:27:36,290 [main] DEBUG SuperStockApp - SuperStockApp Application Main Method -- Start
2017-04-12 15:27:36,292 [main] DEBUG TextFileProcesserImpl - Inside TextFileProcesserImpl processInputFile() Method -- Start
2017-04-12 15:27:36,370 [main] DEBUG TextFileProcesserImpl - Invalid Data for the below input
2017-04-12 15:27:36,370 [main] DEBUG TextFileProcesserImpl - JP/S/0.50/AED/05 Apr 2017/06 Apr 2017/100/100/45456546
2017-04-12 15:27:36,371 [main] DEBUG TextFileProcesserImpl - Inside TextFileProcesserImpl processInputFile() Method -- End
2017-04-12 15:27:36,396 [main] DEBUG SuperStockApp - SuperStockApp Application Main Method -- End
2017-04-12 15:34:45,324 [main] DEBUG SuperStockApp - SuperStockApp Application Main Method -- Start
2017-04-12 15:34:45,327 [main] DEBUG TextFileProcesserImpl - Inside TextFileProcesserImpl processInputFile() Method -- Start
2017-04-12 15:34:45,331 [main] ERROR TextFileProcesserImpl - /B/0.25/GBP/03 Apr 2017/04 Apr 2017/200/100.22
com.jpmorgan.supersimple.stock.exception.SuperStockExcpetion: Entity Field is invalid
	at com.jpmorgan.supersimple.stock.impl.TextFileProcesserImpl.populateTradeBean(TextFileProcesserImpl.java:112)
	at com.jpmorgan.supersimple.stock.impl.TextFileProcesserImpl.processInputFile(TextFileProcesserImpl.java:60)
	at com.jpmorgan.supersimple.stock.app.SuperStockApp.main(SuperStockApp.java:34)
2017-04-12 15:34:45,423 [main] DEBUG TextFileProcesserImpl - Inside TextFileProcesserImpl processInputFile() Method -- End
2017-04-12 15:34:45,447 [main] DEBUG SuperStockApp - SuperStockApp Application Main Method -- End
2017-04-12 15:36:32,202 [main] DEBUG SuperStockApp - SuperStockApp Application Main Method -- Start
2017-04-12 15:36:32,205 [main] DEBUG TextFileProcesserImpl - Inside TextFileProcesserImpl processInputFile() Method -- Start
2017-04-12 15:36:32,207 [main] ERROR TextFileProcesserImpl - MS/B/0.25/GBP/03 Apr 2017/04 Apr 2017/200/100.22/544646
com.jpmorgan.supersimple.stock.exception.SuperStockExcpetion: Invalid Input Line For Trade
	at com.jpmorgan.supersimple.stock.impl.TextFileProcesserImpl.populateTradeBean(TextFileProcesserImpl.java:157)
	at com.jpmorgan.supersimple.stock.impl.TextFileProcesserImpl.processInputFile(TextFileProcesserImpl.java:60)
	at com.jpmorgan.supersimple.stock.app.SuperStockApp.main(SuperStockApp.java:34)
2017-04-12 15:36:32,295 [main] DEBUG TextFileProcesserImpl - Inside TextFileProcesserImpl processInputFile() Method -- End
2017-04-12 15:36:32,309 [main] DEBUG SuperStockApp - SuperStockApp Application Main Method -- End
2017-04-12 15:37:12,188 [main] DEBUG SuperStockApp - SuperStockApp Application Main Method -- Start
2017-04-12 15:37:12,191 [main] DEBUG TextFileProcesserImpl - Inside TextFileProcesserImpl processInputFile() Method -- Start
2017-04-12 15:37:12,193 [main] ERROR TextFileProcesserImpl - 
com.jpmorgan.supersimple.stock.exception.SuperStockExcpetion: Invalid Input Line For Trade
	at com.jpmorgan.supersimple.stock.impl.TextFileProcesserImpl.populateTradeBean(TextFileProcesserImpl.java:157)
	at com.jpmorgan.supersimple.stock.impl.TextFileProcesserImpl.processInputFile(TextFileProcesserImpl.java:60)
	at com.jpmorgan.supersimple.stock.app.SuperStockApp.main(SuperStockApp.java:34)
2017-04-12 15:37:12,293 [main] DEBUG TextFileProcesserImpl - Inside TextFileProcesserImpl processInputFile() Method -- End
2017-04-12 15:37:12,309 [main] DEBUG SuperStockApp - SuperStockApp Application Main Method -- End
2017-04-12 15:42:26,374 [main] DEBUG TextFileProcesserImpl - Inside TextFileProcesserImpl processInputFile() Method -- Start
2017-04-12 15:42:26,380 [main] DEBUG TextFileProcesserImpl - Inside TextFileProcesserImpl processInputFile() Method -- Start
2017-04-12 15:42:26,383 [main] DEBUG TextFileProcesserImpl - Inside TextFileProcesserImpl processInputFile() Method -- End
2017-04-12 15:42:26,387 [main] DEBUG TextFileProcesserImpl - Inside TextFileProcesserImpl processInputFile() Method -- Start
2017-04-12 15:43:17,057 [main] DEBUG SuperStockApp - SuperStockApp Application Main Method -- Start
2017-04-12 15:43:17,058 [main] DEBUG TextFileProcesserImpl - Inside TextFileProcesserImpl processInputFile() Method -- Start
2017-04-12 15:43:17,059 [main] DEBUG TextFileProcesserImpl - Inside TextFileProcesserImpl processInputFile() Method -- End
2017-04-12 15:43:17,059 [main] DEBUG SuperStockApp - Issue While Processing the txt file
2017-04-12 15:43:17,059 [main] DEBUG SuperStockApp - SuperStockApp Application Main Method -- End
2017-04-12 15:43:26,467 [main] DEBUG SuperStockApp - SuperStockApp Application Main Method -- Start
2017-04-12 15:43:26,468 [main] DEBUG TextFileProcesserImpl - Inside TextFileProcesserImpl processInputFile() Method -- Start
2017-04-12 15:43:26,469 [main] DEBUG TextFileProcesserImpl - Inside TextFileProcesserImpl processInputFile() Method -- End
2017-04-12 15:43:26,469 [main] DEBUG SuperStockApp - Issue While Processing the txt file
2017-04-12 15:43:26,469 [main] DEBUG SuperStockApp - SuperStockApp Application Main Method -- End
2017-04-12 15:44:57,370 [main] DEBUG SuperStockApp - SuperStockApp Application Main Method -- Start
2017-04-12 15:44:57,373 [main] DEBUG TextFileProcesserImpl - Inside TextFileProcesserImpl processInputFile() Method -- Start
2017-04-12 15:44:57,374 [main] DEBUG TextFileProcesserImpl - Inside TextFileProcesserImpl processInputFile() Method -- End
2017-04-12 15:44:57,374 [main] DEBUG SuperStockApp - Issue While Processing the txt file
2017-04-12 15:44:57,374 [main] DEBUG SuperStockApp - SuperStockApp Application Main Method -- End
2017-04-12 15:45:06,444 [main] DEBUG SuperStockApp - SuperStockApp Application Main Method -- Start
2017-04-12 15:45:06,455 [main] DEBUG TextFileProcesserImpl - Inside TextFileProcesserImpl processInputFile() Method -- Start
2017-04-12 15:45:32,670 [main] DEBUG TextFileProcesserImpl - Inside TextFileProcesserImpl processInputFile() Method -- End
2017-04-12 15:46:34,471 [main] DEBUG SuperStockApp - SuperStockApp Application Main Method -- Start
2017-04-12 15:46:34,477 [main] DEBUG TextFileProcesserImpl - Inside TextFileProcesserImpl processInputFile() Method -- Start
2017-04-12 15:46:34,478 [main] ERROR SuperStockApp - Expception while reading the Input file
com.jpmorgan.supersimple.stock.exception.SuperStockExcpetion: Input File is empty
	at com.jpmorgan.supersimple.stock.impl.TextFileProcesserImpl.processInputFile(TextFileProcesserImpl.java:70)
	at com.jpmorgan.supersimple.stock.app.SuperStockApp.main(SuperStockApp.java:34)
2017-04-12 15:46:34,480 [main] DEBUG SuperStockApp - SuperStockApp Application Main Method -- End
2017-04-12 15:46:51,397 [main] DEBUG SuperStockApp - SuperStockApp Application Main Method -- Start
2017-04-12 15:46:51,400 [main] DEBUG TextFileProcesserImpl - Inside TextFileProcesserImpl processInputFile() Method -- Start
2017-04-12 15:46:51,492 [main] ERROR TextFileProcesserImpl - JP/S/0.50/AED/05 Apr 2017/06 Apr 2017/100/100/45456546
com.jpmorgan.supersimple.stock.exception.SuperStockExcpetion: Invalid Trade Input Line
	at com.jpmorgan.supersimple.stock.impl.TextFileProcesserImpl.populateTradeBean(TextFileProcesserImpl.java:158)
	at com.jpmorgan.supersimple.stock.impl.TextFileProcesserImpl.processInputFile(TextFileProcesserImpl.java:60)
	at com.jpmorgan.supersimple.stock.app.SuperStockApp.main(SuperStockApp.java:34)
2017-04-12 15:46:51,495 [main] ERROR SuperStockApp - Expception while reading the Input file
com.jpmorgan.supersimple.stock.exception.SuperStockExcpetion: Input File is empty
	at com.jpmorgan.supersimple.stock.impl.TextFileProcesserImpl.processInputFile(TextFileProcesserImpl.java:70)
	at com.jpmorgan.supersimple.stock.app.SuperStockApp.main(SuperStockApp.java:34)
2017-04-12 15:46:51,495 [main] DEBUG SuperStockApp - SuperStockApp Application Main Method -- End
2017-04-12 15:47:27,719 [main] DEBUG SuperStockApp - SuperStockApp Application Main Method -- Start
2017-04-12 15:47:27,724 [main] DEBUG TextFileProcesserImpl - Inside TextFileProcesserImpl processInputFile() Method -- Start
2017-04-12 15:47:27,808 [main] ERROR SuperStockApp - Expception while reading the Input file
com.jpmorgan.supersimple.stock.exception.SuperStockExcpetion: Input File is empty
	at com.jpmorgan.supersimple.stock.impl.TextFileProcesserImpl.processInputFile(TextFileProcesserImpl.java:70)
	at com.jpmorgan.supersimple.stock.app.SuperStockApp.main(SuperStockApp.java:34)
2017-04-12 15:47:27,811 [main] DEBUG SuperStockApp - SuperStockApp Application Main Method -- End
2017-04-12 15:47:46,531 [main] DEBUG SuperStockApp - SuperStockApp Application Main Method -- Start
2017-04-12 15:47:46,532 [main] DEBUG TextFileProcesserImpl - Inside TextFileProcesserImpl processInputFile() Method -- Start
2017-04-12 15:47:46,611 [main] DEBUG TextFileProcesserImpl - Inside TextFileProcesserImpl processInputFile() Method -- End
2017-04-12 15:47:46,636 [main] DEBUG SuperStockApp - SuperStockApp Application Main Method -- End
2017-04-12 15:52:30,167 [main] DEBUG SuperStockApp - SuperStockApp Application Main Method -- Start
2017-04-12 15:52:30,170 [main] DEBUG TextFileProcesserImpl - Inside TextFileProcesserImpl processInputFile() Method -- Start
2017-04-12 15:52:30,257 [main] DEBUG TextFileProcesserImpl - Inside TextFileProcesserImpl processInputFile() Method -- End
2017-04-12 15:52:30,272 [main] DEBUG SuperStockApp - SuperStockApp Application Main Method -- End
2017-04-12 15:53:17,056 [main] DEBUG SuperStockApp - SuperStockApp Application Main Method -- Start
2017-04-12 15:53:17,059 [main] DEBUG TextFileProcesserImpl - Inside TextFileProcesserImpl processInputFile() Method -- Start
2017-04-12 15:53:17,152 [main] DEBUG TextFileProcesserImpl - Inside TextFileProcesserImpl processInputFile() Method -- End
2017-04-12 15:53:17,169 [main] DEBUG SuperStockApp - SuperStockApp Application Main Method -- End
2017-04-12 15:55:45,273 [main] DEBUG SuperStockApp - SuperStockApp Application Main Method -- Start
2017-04-12 15:55:45,275 [main] DEBUG TextFileProcesserImpl - Inside TextFileProcesserImpl processInputFile() Method -- Start
2017-04-12 15:55:45,365 [main] DEBUG TextFileProcesserImpl - Inside TextFileProcesserImpl processInputFile() Method -- End
2017-04-12 15:55:45,382 [main] DEBUG SuperStockApp - SuperStockApp Application Main Method -- End
2017-04-12 16:02:29,357 [main] DEBUG SuperStockApp - SuperStockApp Application Main Method -- Start
2017-04-12 16:02:29,359 [main] DEBUG TextFileProcesserImpl - Inside TextFileProcesserImpl processInputFile() Method -- Start
2017-04-12 16:02:29,438 [main] DEBUG TextFileProcesserImpl - Inside TextFileProcesserImpl processInputFile() Method -- End
2017-04-12 16:04:41,955 [main] DEBUG SuperStockApp - SuperStockApp Application Main Method -- Start
2017-04-12 16:04:41,958 [main] DEBUG TextFileProcesserImpl - Inside TextFileProcesserImpl processInputFile() Method -- Start
2017-04-12 16:04:42,041 [main] DEBUG TextFileProcesserImpl - Inside TextFileProcesserImpl processInputFile() Method -- End
2017-04-12 16:04:42,061 [main] DEBUG SuperStockApp - SuperStockApp Application Main Method -- End
2017-04-12 16:17:59,283 [main] DEBUG SuperStockApp - SuperStockApp Application Main Method -- Start
2017-04-12 16:17:59,286 [main] DEBUG TextFileProcesserImpl - Inside TextFileProcesserImpl processInputFile() Method -- Start
2017-04-12 16:17:59,383 [main] DEBUG TextFileProcesserImpl - Inside TextFileProcesserImpl processInputFile() Method -- End
2017-04-12 16:18:36,771 [main] DEBUG SuperStockApp - SuperStockApp Application Main Method -- Start
2017-04-12 16:18:36,774 [main] DEBUG TextFileProcesserImpl - Inside TextFileProcesserImpl processInputFile() Method -- Start
2017-04-12 16:18:36,864 [main] DEBUG TextFileProcesserImpl - Inside TextFileProcesserImpl processInputFile() Method -- End
2017-04-12 16:18:36,882 [main] DEBUG SuperStockApp - SuperStockApp Application Main Method -- End
2017-04-12 16:20:09,914 [main] DEBUG SuperStockApp - SuperStockApp Application Main Method -- Start
2017-04-12 16:20:09,917 [main] DEBUG TextFileProcesserImpl - Inside TextFileProcesserImpl processInputFile() Method -- Start
2017-04-12 16:20:10,004 [main] DEBUG TextFileProcesserImpl - Inside TextFileProcesserImpl processInputFile() Method -- End
2017-04-12 16:20:10,023 [main] DEBUG SuperStockApp - SuperStockApp Application Main Method -- End
2017-04-12 16:23:17,521 [main] DEBUG SuperStockApp - SuperStockApp Application Main Method -- Start
2017-04-12 16:23:17,524 [main] DEBUG TextFileProcesserImpl - Inside TextFileProcesserImpl processInputFile() Method -- Start
2017-04-12 16:23:17,619 [main] DEBUG TextFileProcesserImpl - Inside TextFileProcesserImpl processInputFile() Method -- End
2017-04-12 16:23:17,646 [main] DEBUG SuperStockApp - SuperStockApp Application Main Method -- End
2017-04-12 16:24:09,665 [main] DEBUG SuperStockApp - SuperStockApp Application Main Method -- Start
2017-04-12 16:24:09,668 [main] DEBUG TextFileProcesserImpl - Inside TextFileProcesserImpl processInputFile() Method -- Start
2017-04-12 16:24:09,782 [main] DEBUG TextFileProcesserImpl - Inside TextFileProcesserImpl processInputFile() Method -- End
2017-04-12 16:24:09,818 [main] DEBUG SuperStockApp - SuperStockApp Application Main Method -- End
2017-04-12 17:32:04,228 [main] DEBUG SuperStockApp - SuperStockApp Application Main Method -- Start
2017-04-12 17:32:04,231 [main] DEBUG TextFileProcesserImpl - Inside TextFileProcesserImpl processInputFile() Method -- Start
2017-04-12 17:32:04,318 [main] DEBUG TextFileProcesserImpl - Inside TextFileProcesserImpl processInputFile() Method -- End
2017-04-12 17:32:04,340 [main] DEBUG SuperStockApp - SuperStockApp Application Main Method -- End
